17:59:51.582 [main] INFO  GenerateLogData$ - Log data generator started...
17:59:52.107 [main] WARN  HelperUtils.Parameters$ - Max count 100 is used to create records instead of timeouts
17:59:52.334 [scala-execution-context-global-15] WARN  HelperUtils.Parameters$ - s%]s,+2k|D}K7b/XCwG&@7HDPR8z
17:59:52.384 [scala-execution-context-global-15] INFO  HelperUtils.Parameters$ - ;kNI&V%v<c#eSDK@lPY(
17:59:52.436 [scala-execution-context-global-15] INFO  HelperUtils.Parameters$ - l9]|92!uHUQ/IVcz~(;.Uz%K*5jTUd08
17:59:52.476 [scala-execution-context-global-15] INFO  HelperUtils.Parameters$ - G3sw7^U<^q^Cl!aMTDbNz<:$;?e<.0JD_'
17:59:52.523 [scala-execution-context-global-15] WARN  HelperUtils.Parameters$ - A><YFqpg+~"E1T
17:59:52.570 [scala-execution-context-global-15] DEBUG HelperUtils.Parameters$ - JrQB;P0"&+6;&Dk-
17:59:52.602 [scala-execution-context-global-15] INFO  HelperUtils.Parameters$ - OsI1`qAeU5H;\+
17:59:52.647 [scala-execution-context-global-15] INFO  HelperUtils.Parameters$ - [h!Q9PEY>L(NpKLBO"Gjo:=4kRXQ_tZ!
17:59:52.683 [scala-execution-context-global-15] INFO  HelperUtils.Parameters$ - B?y&C"C5rsb:2037;f&|vM#x?z|Ny|&<44Z8B&rF1#&M
17:59:52.722 [scala-execution-context-global-15] WARN  HelperUtils.Parameters$ - x2oBSI0/\%CdfV2%ChSsnZ7vJo=2qJqZ%."kbc!0ne`y&m
17:59:52.760 [scala-execution-context-global-15] ERROR HelperUtils.Parameters$ - ihu}!A2]*07}|,lc
17:59:52.800 [scala-execution-context-global-15] INFO  HelperUtils.Parameters$ - CC]>~R#,^#0JWyESarZdETDcvk)Yk'I?
17:59:52.835 [scala-execution-context-global-15] WARN  HelperUtils.Parameters$ - Swq;g+6M:?820=Gmd#.p)sFaqoKc^mm](.A8Z-4-].tp|cfR\~rc(m^{
17:59:52.865 [scala-execution-context-global-15] INFO  HelperUtils.Parameters$ - zXK=Fze%-6Iv-^q{zhG|EUzvd);tOj-:
17:59:52.898 [scala-execution-context-global-15] INFO  HelperUtils.Parameters$ - ^<A>61@{3[KEk@M/Xh-q%sco3Dkwq~
17:59:52.930 [scala-execution-context-global-15] WARN  HelperUtils.Parameters$ - Bv^B8Re'$VG)[P".g*?f<G\l5n.18B|i<E&rgPQZ;wBeA{4O/fy+Pp
17:59:52.956 [scala-execution-context-global-15] WARN  HelperUtils.Parameters$ - k1H+R#/%d0>Q>N:6\enT]U
17:59:52.988 [scala-execution-context-global-15] INFO  HelperUtils.Parameters$ - 8G;,3m_T`G#H]&Yh:Ei1%fp''5`T5iP7tag2ag0C5jB8qbe0G7sbe2bg2M9j%<Bqz8fMm#{JWqMdoc_2N/|wf8]
17:59:53.022 [scala-execution-context-global-15] DEBUG HelperUtils.Parameters$ - U6(2\jVxOS4VE/i1Gs
17:59:53.051 [scala-execution-context-global-15] WARN  HelperUtils.Parameters$ - <2S$U-w,I8Nl]r
17:59:53.083 [scala-execution-context-global-15] INFO  HelperUtils.Parameters$ - &;%x5|Kj?{|wP;2>OvT#]Qn70@9<C_Sj!93wbgFkhOxmJ]I`Zc0=I$+`vX
17:59:53.119 [scala-execution-context-global-15] DEBUG HelperUtils.Parameters$ - 8|V8,"^xbUGvY/:bDG@+lq
17:59:53.147 [scala-execution-context-global-15] INFO  HelperUtils.Parameters$ - jy6nlYs/+?@-DW{E\lX/EVshD*D62"Z5aG,QQ*
17:59:53.175 [scala-execution-context-global-15] INFO  HelperUtils.Parameters$ - r]=lp6O'2]5TJN`Kjyn.3&
17:59:53.209 [scala-execution-context-global-15] INFO  HelperUtils.Parameters$ - 1YV~*Aoe~zkv~f.+}K0SXlGgqCXZl_X"6/"J
17:59:53.243 [scala-execution-context-global-15] INFO  HelperUtils.Parameters$ - xijUBOtW-BFD?5g)2cwM
17:59:53.276 [scala-execution-context-global-15] WARN  HelperUtils.Parameters$ - aC)v,6P}F"t^ay4Hu;z'QLd.c\x<
17:59:53.309 [scala-execution-context-global-15] INFO  HelperUtils.Parameters$ - U-v*??plBJfKg[{$PM.W#i^qSDlu"[pt
17:59:53.341 [scala-execution-context-global-15] INFO  HelperUtils.Parameters$ - ]@ye)O".E4G>OJ\2VbC']P{HC)]2dB2_N!pk`Eo#faAkwN47ZMtg
17:59:53.369 [scala-execution-context-global-15] WARN  HelperUtils.Parameters$ - lIES:UN]sGpn&]tv0cqk8$y,TNx_]mwpnb=ex_dvO#TjtrU2
17:59:53.403 [scala-execution-context-global-15] ERROR HelperUtils.Parameters$ - z6Y#6EFM%On=T)$xz.0mhN
17:59:53.432 [scala-execution-context-global-15] WARN  HelperUtils.Parameters$ - H/7O<`Y8(/bI;4x|bgx1dx}O47
17:59:53.459 [scala-execution-context-global-15] WARN  HelperUtils.Parameters$ - j>&5`VTV0Dl_
17:59:53.489 [scala-execution-context-global-15] INFO  HelperUtils.Parameters$ - }P1IPh:x:$d/y#
17:59:53.524 [scala-execution-context-global-15] INFO  HelperUtils.Parameters$ - 6*YC4l9pe7Hq6Z)~C(j^N'pEJtc@:YDdY82t
17:59:53.552 [scala-execution-context-global-15] INFO  HelperUtils.Parameters$ - 9JL4{tgaj)sSWtq6_)Kc:Q)E~1IBRuCJ?OCy_<43eCYn19b{r9
17:59:53.584 [scala-execution-context-global-15] WARN  HelperUtils.Parameters$ - ]a?ecm<+#:Yep8@*+Q\]:^
17:59:53.620 [scala-execution-context-global-15] WARN  HelperUtils.Parameters$ - uXLS%:U{CUx5O#.P]EV|]O.z~S.=
17:59:53.648 [scala-execution-context-global-15] DEBUG HelperUtils.Parameters$ - -`2(2".wXD@\2AWs
17:59:53.681 [scala-execution-context-global-15] INFO  HelperUtils.Parameters$ - |"Q/\U6~errpE7<.{w`&Y0foCt
17:59:53.716 [scala-execution-context-global-15] WARN  HelperUtils.Parameters$ - 0p_ZOZ.(H.lB4\6/f7w\}.KI
17:59:53.745 [scala-execution-context-global-15] INFO  HelperUtils.Parameters$ - ~`mz#ZV'fFSSvxrYVTC5J;KW
17:59:53.781 [scala-execution-context-global-15] INFO  HelperUtils.Parameters$ - kX(|Rz%Mq+~gFwTXZvC?cX<=:hI3Ak#nZ]gwH`_h8E$<JX23
17:59:53.807 [scala-execution-context-global-15] INFO  HelperUtils.Parameters$ - y#*dB&@BR]SW
17:59:53.838 [scala-execution-context-global-15] DEBUG HelperUtils.Parameters$ - nkKAXTBqN_s9aXC*MKytJF1m9Bz-D7[jnb.K]ov+Z<;g+<
17:59:53.872 [scala-execution-context-global-15] WARN  HelperUtils.Parameters$ - )lU5dp#|:)]YJ16JwBWD:ztS)|aZ"%_uo^>(`F
17:59:53.901 [scala-execution-context-global-15] INFO  HelperUtils.Parameters$ - 4jc~8#i~/OTnW%S2]tCO!\L=T$`W81uV[:CAM|2t4l~fz~1ytJU+WTk'QYyD
17:59:53.937 [scala-execution-context-global-15] INFO  HelperUtils.Parameters$ - _9*>^zp"K1Mg$fi7gI2jR]cR=}c`cynajfD"fm+[x2_&
17:59:53.970 [scala-execution-context-global-15] INFO  HelperUtils.Parameters$ - i[:o%MUPYdK:n``ZaWCGkP4A
17:59:53.999 [scala-execution-context-global-15] INFO  HelperUtils.Parameters$ - `!d&HQ4>1K>^)~K.^i\pHiR9^HA#S8p_QZ
17:59:54.026 [scala-execution-context-global-15] INFO  HelperUtils.Parameters$ - H3Bn-M+nx<g&
17:59:54.061 [scala-execution-context-global-15] INFO  HelperUtils.Parameters$ - *;\!i.D&<8\/
17:59:54.091 [scala-execution-context-global-15] INFO  HelperUtils.Parameters$ - ]batSVO@Xj**[G
17:59:54.125 [scala-execution-context-global-15] INFO  HelperUtils.Parameters$ - {)2/-i=P"mm<1K},^2AzNis5G%!5
17:59:54.153 [scala-execution-context-global-15] WARN  HelperUtils.Parameters$ - T@22(jgU_TE/|;edshsP;309ZeN5HYYjcA012T]b6@pW/2I2Ka9w-i/BHn
17:59:54.189 [scala-execution-context-global-15] WARN  HelperUtils.Parameters$ - YBdX_0Y}a@M_-|D.
17:59:54.216 [scala-execution-context-global-15] INFO  HelperUtils.Parameters$ - ;{)Bu7($DSZtxz&B
17:59:54.258 [scala-execution-context-global-15] INFO  HelperUtils.Parameters$ - 1T`scy{;s$R|['PL{P0u,zR08pwk=@
17:59:54.297 [scala-execution-context-global-15] WARN  HelperUtils.Parameters$ - EGFC(u"LzBsg
17:59:54.325 [scala-execution-context-global-15] WARN  HelperUtils.Parameters$ - e-,^PLbdBWDp!]>uJh+<tRwt(J.Tb0V\-Ffp@WCrw?>8|j*9LD
17:59:54.360 [scala-execution-context-global-15] INFO  HelperUtils.Parameters$ - qEq_8Ay~F$^$Nd&6.B;?TEU.0[7|WdJO?+%On1{&kK(2T5~thR1!_ElHXR4u
17:59:54.390 [scala-execution-context-global-15] INFO  HelperUtils.Parameters$ - 3A3g>Y3OSqc1eiwJbi+dOP0x[YB#O.
17:59:54.427 [scala-execution-context-global-15] INFO  HelperUtils.Parameters$ - >ooCUam;@`9PY&RWu)b$iD#RC3/~@B
17:59:54.458 [scala-execution-context-global-15] DEBUG HelperUtils.Parameters$ - pZQ.$2+sG-4nkif3aIb%:E@u
17:59:54.488 [scala-execution-context-global-15] INFO  HelperUtils.Parameters$ - 44$2So$FP!u,s0P,jg->zIag
17:59:54.515 [scala-execution-context-global-15] INFO  HelperUtils.Parameters$ - FD`\Ox>WEHb{nn|uJ8UjUi<W
17:59:54.548 [scala-execution-context-global-15] INFO  HelperUtils.Parameters$ - e7e.{LEPBm/a4!phl7n2m_o.@12C$MW$Y42kQyymSpU"}\C"PrB5=Y-r/h
17:59:54.581 [scala-execution-context-global-15] INFO  HelperUtils.Parameters$ - NG)=6ipoQ[|m%1b;M~ag+MM*"h=}#t*K,y6J$"
17:59:54.613 [scala-execution-context-global-15] INFO  HelperUtils.Parameters$ - nRWFXb,/a91"<`tS!-3tZnU+Ue@[[;P^d_#Kk>3B_j[!ucYRTk7!96TO
17:59:54.647 [scala-execution-context-global-15] INFO  HelperUtils.Parameters$ - "9X$%^r2~Wp;Ev0r
17:59:54.676 [scala-execution-context-global-15] WARN  HelperUtils.Parameters$ - q+tS~!x+klh%U<L-CC*2+.E4jTC2Iw\=7u9{Zy#753:+
17:59:54.705 [scala-execution-context-global-15] INFO  HelperUtils.Parameters$ - k8j2K`hb!{z;0l\S!L4&1LC6R3a!eycKpVzY_vFK"M-KYkd@coOW9Z1"eNEE
17:59:54.741 [scala-execution-context-global-15] WARN  HelperUtils.Parameters$ - myh@;`>z+U>J.-j-;1UF~F
17:59:54.771 [scala-execution-context-global-15] INFO  HelperUtils.Parameters$ - ++WEJUPfW+{,%<{7g)SeAl&uJJvbF3~MIp)./wKF/;CI(9
17:59:54.800 [scala-execution-context-global-15] INFO  HelperUtils.Parameters$ - B}l!Xd8e&3bX2q+=VgB/E<62O<cbq\+FzM9_W"
17:59:54.839 [scala-execution-context-global-15] INFO  HelperUtils.Parameters$ - 0_HK!hbAzHrw)BdZSz{2h3K5os"%KE<A`4Jo[`JI1U/Urx1[\Og!ZH;{
17:59:54.871 [scala-execution-context-global-15] INFO  HelperUtils.Parameters$ - K#Ohu,ZM}tJM'`"yc0MD!J*d
17:59:54.914 [scala-execution-context-global-15] WARN  HelperUtils.Parameters$ - >io%gikYXB_ysrVHXiu,bS?P.aI^Ul*Ii`re=#
17:59:54.939 [scala-execution-context-global-15] INFO  HelperUtils.Parameters$ - $WjVgg=\9}+>bRR0ES
17:59:54.978 [scala-execution-context-global-15] INFO  HelperUtils.Parameters$ - rVQg+E:j@0tW^<28J{xuT].VZ9hHa@-i
17:59:55.015 [scala-execution-context-global-15] INFO  HelperUtils.Parameters$ - x~L=wT0peT8v!uil^`rPO%)COhP?XP
17:59:55.056 [scala-execution-context-global-15] INFO  HelperUtils.Parameters$ - =YEme`x=TY}Mp;iTsXM%mw"{Z<$A^:D$q4+M?FQL<u64{JyHr"V<foory8J}
17:59:55.090 [scala-execution-context-global-15] WARN  HelperUtils.Parameters$ - n*|t'lVIL.ZPnO]NCb1yf(m|[L>2yt>)fR_}>wx0g@Rw\7%]Z'
17:59:55.132 [scala-execution-context-global-15] INFO  HelperUtils.Parameters$ - =?=@$it8Aj)C%qYWjnI$H4]reO$`z*k3?P_@*h
17:59:55.160 [scala-execution-context-global-15] WARN  HelperUtils.Parameters$ - P?ny[sg(QV:KT^?dwN37K/-00Zr`/^,mCwhM~l
17:59:55.194 [scala-execution-context-global-15] WARN  HelperUtils.Parameters$ - }R&Y"I-HxnhS~biCkBYHSvY'
17:59:55.221 [scala-execution-context-global-15] INFO  HelperUtils.Parameters$ - Kqf:[Qtd!FGkJ|#({0Y\B`hgTvu4qD0D&"
17:59:55.252 [scala-execution-context-global-15] INFO  HelperUtils.Parameters$ - As$cl50igU{;_0<|\Ud2&)#H6A
17:59:55.287 [scala-execution-context-global-15] INFO  HelperUtils.Parameters$ - gsTnrRzF:FypO0&}.3-;w*g6gBs%cQ].>Pn>Dl[nKKJV&5":
17:59:55.316 [scala-execution-context-global-15] INFO  HelperUtils.Parameters$ - 2lZ>|b`R)8&ch)gfu,gKX(7~/K
17:59:55.345 [scala-execution-context-global-15] INFO  HelperUtils.Parameters$ - c{%~[{n7Gj)};hM+:1,*TN`W<2.>/{JCz-VR0Yku
17:59:55.382 [scala-execution-context-global-15] INFO  HelperUtils.Parameters$ - OTT>Wav`lS5ELiEtuJNN?W;Y@mZ1x\0lrt[!=9RqoH
17:59:55.410 [scala-execution-context-global-15] INFO  HelperUtils.Parameters$ - cE}fzBs"K)Rv5l>;oK;G>s
17:59:55.438 [scala-execution-context-global-15] INFO  HelperUtils.Parameters$ - `8Oqtk{Qqc0ligCOd[!L;J1S[o%lIPkyw2{5'zR)w4':cvQO0@`F
17:59:55.477 [scala-execution-context-global-15] WARN  HelperUtils.Parameters$ - P)d&SK^|Ec"Qk6.kX*d&s`MiEh?w0T`d
17:59:55.513 [scala-execution-context-global-15] WARN  HelperUtils.Parameters$ - nA#)LNgZ%V(4(yeg<Vqn%daBBM)p"#CG&/
17:59:55.541 [scala-execution-context-global-15] INFO  HelperUtils.Parameters$ - &b'!sIV'IU."0yC{STL`JqK^,;
17:59:55.571 [scala-execution-context-global-15] INFO  HelperUtils.Parameters$ - fF6@{WK|aTls9!"f<[g?vO";s2+EC{H3Ir
17:59:55.605 [scala-execution-context-global-15] DEBUG HelperUtils.Parameters$ - &VjP<P~<:rd2pxUB5Z(`Zn<4qw9S+03,
17:59:55.638 [scala-execution-context-global-15] INFO  HelperUtils.Parameters$ - AH)UU(P#>2aRatb+Q(R+,6}.Ng:C'tOU,j+d3MQ]<?4VYGar]l
17:59:55.640 [main] INFO  GenerateLogData$ - Log data generation has completed after generating 100 records.
