19:40:23.941 [main] INFO  GenerateLogData$ - Log data generator started...
19:40:24.490 [main] WARN  HelperUtils.Parameters$ - Max count 100 is used to create records instead of timeouts
19:40:24.756 [scala-execution-context-global-15] WARN  HelperUtils.Parameters$ - s%]s,+2k|D}K7b/XCwG&@7HDPR8z
19:40:24.794 [scala-execution-context-global-15] INFO  HelperUtils.Parameters$ - ;kNI&V%v<c#eSDK@lPY(
19:40:24.826 [scala-execution-context-global-15] INFO  HelperUtils.Parameters$ - l9]|92!uHUQ/IVcz~(;.Uz%K*5jTUd08
19:40:24.860 [scala-execution-context-global-15] INFO  HelperUtils.Parameters$ - G3sw7^U<^q^Cl!aMTDbNz<:$;?e<.0JD_'
19:40:24.884 [scala-execution-context-global-15] WARN  HelperUtils.Parameters$ - A><YFqpg+~"E1T
19:40:24.904 [scala-execution-context-global-15] DEBUG HelperUtils.Parameters$ - JrQB;P0"&+6;&Dk-
19:40:24.923 [scala-execution-context-global-15] INFO  HelperUtils.Parameters$ - OsI1`qAeU5H;\+
19:40:24.944 [scala-execution-context-global-15] INFO  HelperUtils.Parameters$ - [h!Q9PEY>L(NpKLBO"Gjo:=4kRXQ_tZ!
19:40:24.967 [scala-execution-context-global-15] INFO  HelperUtils.Parameters$ - B?y&C"C5rsb:2037;f&|vM#x?z|Ny|&<44Z8B&rF1#&M
19:40:24.995 [scala-execution-context-global-15] WARN  HelperUtils.Parameters$ - x2oBSI0/\%CdfV2%ChSsnZ7vJo=2qJqZ%."kbc!0ne`y&m
19:40:25.023 [scala-execution-context-global-15] ERROR HelperUtils.Parameters$ - ihu}!A2]*07}|,lc
19:40:25.046 [scala-execution-context-global-15] INFO  HelperUtils.Parameters$ - CC]>~R#,^#0JWyESarZdETDcvk)Yk'I?
19:40:25.076 [scala-execution-context-global-15] WARN  HelperUtils.Parameters$ - Swq;g+6M:?820=Gmd#.p)sFaqoKc^mm](.A8Z-4-].tp|cfR\~rc(m^{
19:40:25.100 [scala-execution-context-global-15] INFO  HelperUtils.Parameters$ - zXK=Fze%-6Iv-^q{zhG|EUzvd);tOj-:
19:40:25.132 [scala-execution-context-global-15] INFO  HelperUtils.Parameters$ - ^<A>61@{3[KEk@M/Xh-q%sco3Dkwq~
19:40:25.157 [scala-execution-context-global-15] WARN  HelperUtils.Parameters$ - Bv^B8Re'$VG)[P".g*?f<G\l5n.18B|i<E&rgPQZ;wBeA{4O/fy+Pp
19:40:25.187 [scala-execution-context-global-15] WARN  HelperUtils.Parameters$ - k1H+R#/%d0>Q>N:6\enT]U
19:40:25.218 [scala-execution-context-global-15] INFO  HelperUtils.Parameters$ - 8G;,3m_T`G#H]&Yh:Ei1%fp''5`ag0E5uB8vcf2be0af1%<Bqz8fMm#{JWqMdoc_2N/|wf8]
19:40:25.245 [scala-execution-context-global-15] DEBUG HelperUtils.Parameters$ - Nr9*kkZR@kF|ojL+tcc~npV50@}TCJdSo:A]8"-,|"1elD5:I[//PdY&
19:40:25.270 [scala-execution-context-global-15] WARN  HelperUtils.Parameters$ - 87L>M.R(">{<EtP-2597d`ZNo{UZgm."ao2<S*b$a+fa98Uz
19:40:25.295 [scala-execution-context-global-15] INFO  HelperUtils.Parameters$ - msaDm8YKEil:=EL\
19:40:25.318 [scala-execution-context-global-15] DEBUG HelperUtils.Parameters$ - #zQ7S1?TMdD?wB*6"T#K`ODi;<[hMg/Px38{qDAzCjW5]W}qfN.<my6DV+
19:40:25.345 [scala-execution-context-global-15] INFO  HelperUtils.Parameters$ - 40dfK,G]X*u*45o?m>f|}=S`}J>g
19:40:25.366 [scala-execution-context-global-15] INFO  HelperUtils.Parameters$ - CQE)6o`8aKATW280qy=%8'4&}O
19:40:25.392 [scala-execution-context-global-15] INFO  HelperUtils.Parameters$ - .;,/&X0K-C0!8pu@i){xCAE>M/oL6X
19:40:25.417 [scala-execution-context-global-15] INFO  HelperUtils.Parameters$ - vvSqoJ_;Nd]p93xKh(}l
19:40:25.442 [scala-execution-context-global-15] WARN  HelperUtils.Parameters$ - 6*]d)Xzs]'sSDd[=n-qjx*j?a)`Z?J'-J.d}LI_kvV-Gg+
19:40:25.470 [scala-execution-context-global-15] INFO  HelperUtils.Parameters$ - @xkNw.*;?9U6~/djonNM<"vf;6M<!Wt<z:
19:40:25.494 [scala-execution-context-global-15] INFO  HelperUtils.Parameters$ - *+`ciT\crWmY'"M@ApI}HX3D|yu8$a
19:40:25.518 [scala-execution-context-global-15] WARN  HelperUtils.Parameters$ - \7bFCfM1z},\<PK_kseA|cud6j<:!jYV<-{VW0@yLJC![&(,
19:40:25.547 [scala-execution-context-global-15] ERROR HelperUtils.Parameters$ - wIda90?PnR(4xKz8(!Bd#|]Y-u=w2DkW+-}f/sgWuPx_
19:40:25.571 [scala-execution-context-global-15] WARN  HelperUtils.Parameters$ - s@M\snxXrfFKUD?2ig28]3[<\X]NlHPQ6LM,gjP@,q+Va?"b[Z/>'VS}
19:40:25.593 [scala-execution-context-global-15] WARN  HelperUtils.Parameters$ - -F|6mTP#g10{Hf,AJ-%2&XPX5T<+n$aEo5fKVw|(
19:40:25.615 [scala-execution-context-global-15] INFO  HelperUtils.Parameters$ - =gXo>Rq%AF>\9J~&_OW5Xptpw1q~xe4sX+W#<L4vC2AB~<U>
19:40:25.643 [scala-execution-context-global-15] INFO  HelperUtils.Parameters$ - -0?VE`@R76c<v_5L&v}X
19:40:25.671 [scala-execution-context-global-15] INFO  HelperUtils.Parameters$ - Lt;U{2|zs%%b{+\Xj3zA;1l^|2h'
19:40:25.699 [scala-execution-context-global-15] WARN  HelperUtils.Parameters$ - 9IL/B<7YYQ"[C\{@TyJ`!hF5]H5iq\re1r
19:40:25.722 [scala-execution-context-global-15] WARN  HelperUtils.Parameters$ - G>Z`cZ[{20?cSi
19:40:25.743 [scala-execution-context-global-15] DEBUG HelperUtils.Parameters$ - ,Sgtyu,VoPp,?fN3YP:*
19:40:25.765 [scala-execution-context-global-15] INFO  HelperUtils.Parameters$ - L@XI_l<@;==58X*vhHyh_9.o*X6LW]GUz"QVO1BuLX8Km_/X
19:40:25.789 [scala-execution-context-global-15] WARN  HelperUtils.Parameters$ - [.s(r6bi8CKq
19:40:25.811 [scala-execution-context-global-15] INFO  HelperUtils.Parameters$ - ({,k^!M~3-0V+#t2x7OFXh.mMF%{cs&tV;DY!Ps.zr1!^B
19:40:25.838 [scala-execution-context-global-15] INFO  HelperUtils.Parameters$ - b;tE-1jdQ~jD
19:40:25.864 [scala-execution-context-global-15] INFO  HelperUtils.Parameters$ - m90\_h'xsh=awypYJVxGJb48
19:40:25.891 [scala-execution-context-global-15] DEBUG HelperUtils.Parameters$ - }~bl-}x_:1[[M:F7QTgCnas593q[},0a<[7UEUR|v9
19:40:25.916 [scala-execution-context-global-15] WARN  HelperUtils.Parameters$ - *MS3Yy_)A\xebe2ag2I9jC7waf1H'BKm^~I>P9R
19:40:25.945 [scala-execution-context-global-15] INFO  HelperUtils.Parameters$ - |e_&"X||}9j\r?t4C2`,t9d?Z7
19:40:25.970 [scala-execution-context-global-15] INFO  HelperUtils.Parameters$ - sPkLvQQ\W+RABGYyh(u{E3
19:40:25.998 [scala-execution-context-global-15] INFO  HelperUtils.Parameters$ - ?pSdZ+%G.:sO/TH.%:,?YIrkzG8^yr
19:40:26.024 [scala-execution-context-global-15] INFO  HelperUtils.Parameters$ - ZtG3ChG&H-B9~EI>#Gt=-Mcu+BFYOPc#
19:40:26.055 [scala-execution-context-global-15] INFO  HelperUtils.Parameters$ - B9e|RBm{-N(8y>N|~rX&
19:40:26.085 [scala-execution-context-global-15] INFO  HelperUtils.Parameters$ - 2!3`#)qz$ocsskC1h-%[J5wag0O6vcf1K5uV9oT9laf2tatl/h?yL$$vZ:O^z9)d
19:40:26.113 [scala-execution-context-global-15] INFO  HelperUtils.Parameters$ - Zl@cbxY"81?Z;vaOLg
19:40:26.143 [scala-execution-context-global-15] INFO  HelperUtils.Parameters$ - Z?U#pRW-gPL%G<O={s6m
19:40:26.170 [scala-execution-context-global-15] WARN  HelperUtils.Parameters$ - aoCzp6f3p47q7L=2
19:40:26.197 [scala-execution-context-global-15] WARN  HelperUtils.Parameters$ - z30JjY1'-#wEl!OChO0P/m,[N]8\]&bEUw_/xN]uf}<es2nw
19:40:26.222 [scala-execution-context-global-15] INFO  HelperUtils.Parameters$ - 2~Fwif`ffIf?{O
19:40:26.244 [scala-execution-context-global-15] INFO  HelperUtils.Parameters$ - _=ric.5m=Ug{zzuLEiN,\&!=#N-1_~:A\Q:U^a;n5cn=L8xV
19:40:26.267 [scala-execution-context-global-15] WARN  HelperUtils.Parameters$ - u4ZPC,6eki|!.d6KX]cb2&h0ip~k\<7]wC2cr[nNV0
19:40:26.297 [scala-execution-context-global-15] WARN  HelperUtils.Parameters$ - D~Kd-Lmogp`r{_THO+hkXE@RU7x}Qrx,
19:40:26.324 [scala-execution-context-global-15] INFO  HelperUtils.Parameters$ - e^^O%fiZ*SnJ$6!&I[Nhr`e+4o=EJBYduI9bp?yZ(&Ke
19:40:26.350 [scala-execution-context-global-15] INFO  HelperUtils.Parameters$ - qGCC}_>%O:XVggKUy:84Q.4\?X@Z>F&m6Z50w"y1HH44y[lgV%
19:40:26.376 [scala-execution-context-global-15] INFO  HelperUtils.Parameters$ - z{9c8dc]5{6peI
19:40:26.401 [scala-execution-context-global-15] DEBUG HelperUtils.Parameters$ - 5!pV4sLnrVx2+G^V-P8rHb]dHkDe9P\zXut;o|6&2l
19:40:26.424 [scala-execution-context-global-15] INFO  HelperUtils.Parameters$ - CdKL++~fiY{VgHPM1Bz>:?6s<*#MBLOMm!e4r2
19:40:26.454 [scala-execution-context-global-15] INFO  HelperUtils.Parameters$ - dzc|H7)N51NwWmpIDzN;POv57^W>U7Q{
19:40:26.481 [scala-execution-context-global-15] INFO  HelperUtils.Parameters$ - F)B</BL6+[c!Yaf0G7ibg2ce2cf2u@R^V9r.>m@hP
19:40:26.508 [scala-execution-context-global-15] INFO  HelperUtils.Parameters$ - (vJG*H~;GSQ>a9o%,nFOw?:2n':frr8X
19:40:26.538 [scala-execution-context-global-15] INFO  HelperUtils.Parameters$ - "@~yjcF6@OHU"Kj5J-GmrruA8&zQQQq9Mpp'"Q-M']H%TaB{r94}{TTq
19:40:26.573 [scala-execution-context-global-15] INFO  HelperUtils.Parameters$ - r8KGG)>qeoo^~l7GSyuPtQ"5b<b:G3>_CcG-^.1Bll
19:40:26.605 [scala-execution-context-global-15] WARN  HelperUtils.Parameters$ - W#"=f&[*aM/BDx:8y|m_LHM[0j8b($KY%VmJ9+AG%#4Zne_f_M=D
19:40:26.630 [scala-execution-context-global-15] INFO  HelperUtils.Parameters$ - 7_Tz|Q$R]djh?KXc-mC+{TfGci}=l*Je8);RH/ueSnPN
19:40:26.658 [scala-execution-context-global-15] WARN  HelperUtils.Parameters$ - d%eA.omR\BLl42*\6Y#]@kUJ^NJ9"W,_.A
19:40:26.685 [scala-execution-context-global-15] INFO  HelperUtils.Parameters$ - GADK7dYjLU_{]rxL4{c{y<"LYT7X.7^4lA^%q4i@bHLA$_]Wf_Pn+w
19:40:26.713 [scala-execution-context-global-15] INFO  HelperUtils.Parameters$ - 0=PZS+}DkA~)wC;dEacg2Q7gbg3F8wA8g\l$c!Ql9kI:a]1l4>,
19:40:26.741 [scala-execution-context-global-15] INFO  HelperUtils.Parameters$ - mM0t6`2='k>=Jch-F/|lMeL:A'nm%O6E2=LNIGl:L-=!Djnbw!gXwW}QP[
19:40:26.771 [scala-execution-context-global-15] INFO  HelperUtils.Parameters$ - B68@v2]ch8?=_HER&$6|P%rE0eHbL5
19:40:26.796 [scala-execution-context-global-15] WARN  HelperUtils.Parameters$ - N!Of-v*Pwi}CCz_"]fhW'JL^niti2o.bjN@Rtb)SrQYOr*S(NY8D>%g;
19:40:26.824 [scala-execution-context-global-15] INFO  HelperUtils.Parameters$ - >CK&z3<iBbvq\UHA!,
19:40:26.848 [scala-execution-context-global-15] INFO  HelperUtils.Parameters$ - >`ld.t^_n/K4J}
19:40:26.879 [scala-execution-context-global-15] INFO  HelperUtils.Parameters$ - "1~L0U/B0u:GG4EJ;+7c[Q-B]6D7t&XGv|f,j(|0*w
19:40:26.906 [scala-execution-context-global-15] INFO  HelperUtils.Parameters$ - d']&Wf+~wpF)p=/{b+w3J#\~N.,\S%iwrE][UC";
19:40:26.934 [scala-execution-context-global-15] WARN  HelperUtils.Parameters$ - KE9)x'<4:N(B\Qm^*ErHy;
19:40:26.963 [scala-execution-context-global-15] INFO  HelperUtils.Parameters$ - T2oEpC6o,{4I,e'?@PvG1z2@,ro(Hv
19:40:26.993 [scala-execution-context-global-15] WARN  HelperUtils.Parameters$ - OeC|0}}<z;/Ke*O>cIMDg{1){(jbW6oaf0bf2af3S8uaf3Yl'Qyy@f*_p:YiL`1Uf_hq+Cs)g9
19:40:27.020 [scala-execution-context-global-15] WARN  HelperUtils.Parameters$ - h.s$\ib~d>!]IQ#FLxg\L:Qo:W{W
19:40:27.050 [scala-execution-context-global-15] INFO  HelperUtils.Parameters$ - KeR95Oe\:g/2_r0&U?R$H4Of,c5G#ZNIs_g1nVid:&
19:40:27.080 [scala-execution-context-global-15] INFO  HelperUtils.Parameters$ - Hus^Qhr+(5N^TY|&;K]%S;m59~hb&LJn<bH(KmD"X8!"ZU2["h)g9lkQ
19:40:27.107 [scala-execution-context-global-15] INFO  HelperUtils.Parameters$ - k8d?e]Yp9CeJZ&),7b]{#u&SC7J')oN;]?
19:40:27.134 [scala-execution-context-global-15] INFO  HelperUtils.Parameters$ - d=$.d<@{9Pm9T5Ae%9YmrGV;.WiJ;UH`OV+L/Lh?Plw$CqqxkD
19:40:27.157 [scala-execution-context-global-15] INFO  HelperUtils.Parameters$ - uK|J1cZ}#P#|z7;q^{8r/M?1=U39yuH1
19:40:27.188 [scala-execution-context-global-15] INFO  HelperUtils.Parameters$ - B5*o={g4COht}1O.ul#+/Xsfi<~\*Xx4\;y9
19:40:27.217 [scala-execution-context-global-15] INFO  HelperUtils.Parameters$ - ~0h9W-nyC-Gp\XCQ%{t`5(^\>wfhkA+hSz6xxT*KqSI]^*](MHezIfJ<
19:40:27.243 [scala-execution-context-global-15] INFO  HelperUtils.Parameters$ - mIjh]F)}H'>D\of][dA]W.I*1IdP>cVd&aWqz+
19:40:27.273 [scala-execution-context-global-15] WARN  HelperUtils.Parameters$ - e']]'|6hJk+&4X#2UQzf}>e0.{wBI{z?.mrAIdj?4vZ4*7
19:40:27.303 [scala-execution-context-global-15] WARN  HelperUtils.Parameters$ - &"LIDRVR$QM1kFkQS$kk
19:40:27.328 [scala-execution-context-global-15] INFO  HelperUtils.Parameters$ - ??9s'tSMv1dXmLqzz(
19:40:27.353 [scala-execution-context-global-15] INFO  HelperUtils.Parameters$ - [)0$|[t9lHuLvde>RB[B
19:40:27.381 [scala-execution-context-global-15] DEBUG HelperUtils.Parameters$ - B|%`uCH?iAus,4~lHn12XM
19:40:27.411 [scala-execution-context-global-15] INFO  HelperUtils.Parameters$ - eb"4d\R~LbtExZcqm:!MrUKS21S#~T)a4'Ra3yhB;xpw`v:3
19:40:27.413 [main] INFO  GenerateLogData$ - Log data generation has completed after generating 100 records.
